[gau_ex08_parametric.ex8]

計算開始日時 : 2025.05.19 21:03:04
Femtet Version 2025.0.0.95042 (64bit)

メッシュの数                :  13377
メッシュの質(最悪)          :  4.606784e+01
メッシュの質(平均)          :  1.953962e+00
質が10以上のメッシュの割合  :  0.01%

計算時間(秒)       :  2

計算終了
メッシュ数   : 13377
計算時間     : 00:00:04 (メッシュ:00:00:04)
メモリ使用量 : 0.4[GB]
計算終了日時 : 2025.05.19 21:03:08

[gau_ex08_parametric.ex8]

計算開始日時 : 2025.05.19 21:03:09
Femtet Version 2025.0.0.95042 (64bit)
Gauss
   ライセンスタイプ          = 高速化オプションあり
マルチコアCG法	 スレッド数:8
反復回数 = 163,	残差 = 9.039227e-07
<<静解析>>
                 エネルギー[J]    
Air_Auto         4.60226664e-08
Coil             6.49157522e-09
トータル         5.25142416e-08

                 電磁力 Fx[N]    電磁力 Fy[N]    電磁力 Fz[N]    
Coil            -6.21688345e-08  2.22326278e-08 -2.13246799e-09

コイル1：Coil Coil_InAuto Coil_OutAuto
インダクタンス L[H]
L1 =  1.05028483e-07


計算終了
計算時間     : 00:00:03 (ソルブ:00:00:03)
メモリ使用量 : 0.3[GB]
計算終了日時 : 2025.05.19 21:03:12

