[wat_ex14_parametric.Ex14]

計算開始日時 : 2024.07.10 09:27:58
Femtet Version 2024.0.1.92435 (64bit)

メッシュの数                :  14114
メッシュの質(最悪)          :  1.243640e+02
メッシュの質(平均)          :  5.991413e+00
質が10以上のメッシュの割合  :  33.66%

計算時間(秒)       :  2

計算終了
メッシュ数   : 14114
計算時間     : 00:00:09 (メッシュ:00:00:09)
メモリ使用量 : 444[MB]
計算終了日時 : 2024.07.10 09:28:07

[wat_ex14_parametric.Ex14]

計算開始日時 : 2024.07.10 09:28:09
Femtet Version 2024.0.1.92435 (64bit)
熱伝導解析:行列作成時のスレッド数 = 4
<<定常解析:非線形>>

自然対流（係数自動計算）境界条件の補正係数 : 自動計算
行列ソルバ = 直接法（Left-Looking）
---------------------------------------------------------------
行列タイプ = 実数, 対称, InCore
ライセンスタイプ = 高速化オプションあり
自由度 20558
ＬＵ分解前の総非ゼロ数 288543
ＬＵ分解後の総非ゼロ数 2683240
メモリ使用量 78 MB
スレッド数 4
---------------------------------------------------------------

温度計算：直接法と反復法の比較を行います。
<比較結果>
直接法 : 0.093[s]
反復法 : 0.351[s](直接法より遅いため打ち切り)
温度計算：行列ソルバのタイプ：直接法を使用します。
       反復回数    最大反復回数      非線形誤差        収束判定        最高温度        最低温度      加減速係数
              1              20      1.0000e+00      1.0000e-06      3.1942e+01      2.9726e+01      1.0000e+00
              2              20      2.5817e-01      1.0000e-06      4.2854e+01      4.0642e+01      1.0000e+00
              3              20      3.3789e-02      1.0000e-06      4.1476e+01      3.9242e+01      1.0000e+00
              4              20      3.5691e-04      1.0000e-06      4.1461e+01      3.9227e+01      1.0000e+00
              5              20      4.1528e-08      1.0000e-06      4.1461e+01      3.9227e+01      1.0000e+00


<<熱流量・熱抵抗出力>>

  端子番号          端子名   平均温度[deg]   環境温度[deg]
       [1]        MAINCHIP      4.1334e+01               -
       [2]         SUBCHIP      4.1087e+01               -
       [3]    外部境界条件      4.0721e+01      2.5000e+01

環境熱流量・熱抵抗
       端子番号       熱流量[W]   熱抵抗[deg/W]
      [3][環境]      3.0000e-01      5.2403e+01

端子間熱流量・熱抵抗
       端子番号       熱流量[W]   熱抵抗[deg/W]
         [1][2]      4.2063e-13      5.8725e+11
         [1][3]      2.0000e-01      3.0635e+00
         [2][3]      1.0000e-01      3.6569e+00

熱流量・熱抵抗の各成分(輻射、対流等)の詳細はテーブルを参照してください。

最高/最低温度[deg]
最高温度       =  4.14609466e+01
最低温度       =  3.92268403e+01

-- Total Iterate:   5
温度計算：行列ソルバのタイプ：直接法を使用しました。求解回数：3

計算終了
計算時間     : 00:00:10 (ソルブ:00:00:10)
メモリ使用量 : 327[MB]
計算終了日時 : 2024.07.10 09:28:19

